<?xml version="1.0" encoding="UTF-8"?>
<testsuite xmlns:xsi="http://www.w3.org/2001/XMLSchema-instance" xsi:noNamespaceSchemaLocation="https://maven.apache.org/surefire/maven-surefire-plugin/xsd/surefire-test-report.xsd" version="3.0.2" name="com.example.system_backend.SystemBackendApplicationTests" time="8.718" tests="1" errors="0" skipped="0" failures="0">
  <properties>
[...]
</properties>
  <testcase name="contextLoads" classname="com.example.system_backend.SystemBackendApplicationTests" time="0.017">
    <system-out><![CDATA[22:20:54.778 [main] INFO org.springframework.test.context.support.AnnotationConfigContextLoaderUtils -- Could not detect default configuration classes for test class [com.example.system_backend.SystemBackendApplicationTests]: SystemBackendApplicationTests does not declare any static, non-private, non-final, nested classes annotated with @Configuration.
22:20:54.969 [main] INFO org.springframework.boot.test.context.SpringBootTestContextBootstrapper -- Found @SpringBootConfiguration com.example.system_backend.SystemBackendApplication for test class com.example.system_backend.SystemBackendApplicationTests

  .   ____          _            __ _ _
 /\\ / ___'_ __ _ _(_)_ __  __ _ \ \ \ \
( ( )\___ | '_ | '_| | '_ \/ _` | \ \ \ \
 \\/  ___)| |_)| | | | | || (_| |  ) ) ) )
  '  |____| .__|_| |_|_| |_\__, | / / / /
 =========|_|==============|___/=/_/_/_/

 :: Spring Boot ::                (v4.0.0)

2025-12-12 22:20:55 [main] INFO  c.e.s.SystemBackendApplicationTests - Starting SystemBackendApplicationTests using Java 21.0.2 with PID 17328 (started by 111 in C:\Users\111\Desktop\student-manage-system\system_backend)
2025-12-12 22:20:55 [main] DEBUG c.e.s.SystemBackendApplicationTests - Running with Spring Boot v4.0.0, Spring v7.0.1
2025-12-12 22:20:55 [main] INFO  c.e.s.SystemBackendApplicationTests - The following 1 profile is active: "dev"
2025-12-12 22:20:55 [main] DEBUG o.s.w.c.s.GenericWebApplicationContext - Refreshing org.springframework.web.context.support.GenericWebApplicationContext@b2c4a8b
2025-12-12 22:20:57 [main] INFO  o.s.d.r.c.RepositoryConfigurationDelegate - Bootstrapping Spring Data JPA repositories in DEFAULT mode.
2025-12-12 22:20:57 [main] INFO  o.s.d.r.c.RepositoryConfigurationDelegate - Finished Spring Data repository scanning in 74 ms. Found 4 JPA repository interfaces.
2025-12-12 22:20:57 [main] INFO  o.h.jpa.internal.util.LogHelper - HHH000204: Processing PersistenceUnitInfo [name: default]
2025-12-12 22:20:58 [main] INFO  org.hibernate.Version - HHH000412: Hibernate ORM core version 7.1.8.Final
2025-12-12 22:20:58 [main] INFO  o.s.o.j.p.SpringPersistenceUnitInfo - No LoadTimeWeaver setup: ignoring JPA class transformer
2025-12-12 22:20:58 [main] INFO  com.zaxxer.hikari.HikariDataSource - HikariPool-1 - Starting...
2025-12-12 22:20:58 [main] INFO  com.zaxxer.hikari.pool.HikariPool - HikariPool-1 - Added connection conn0: url=jdbc:h2:mem:student_management user=SA
2025-12-12 22:20:58 [main] INFO  com.zaxxer.hikari.HikariDataSource - HikariPool-1 - Start completed.
2025-12-12 22:20:59 [main] WARN  org.hibernate.orm.deprecation - HHH90000025: H2Dialect does not need to be specified explicitly using 'hibernate.dialect' (remove the property setting and it will be selected by default)
2025-12-12 22:20:59 [main] INFO  o.hibernate.orm.connections.pooling - HHH10001005: Database info:
	Database JDBC URL [jdbc:h2:mem:student_management]
	Database driver: H2 JDBC Driver
	Database dialect: H2Dialect
	Database version: 2.4.240
	Default catalog/schema: STUDENT_MANAGEMENT/PUBLIC
	Autocommit mode: undefined/unknown
	Isolation level: READ_COMMITTED [default READ_COMMITTED]
	JDBC fetch size: 100
	Pool: DatasourceConnectionProviderImpl
	Minimum pool size: undefined/unknown
	Maximum pool size: undefined/unknown
2025-12-12 22:21:00 [main] INFO  o.h.e.t.j.p.i.JtaPlatformInitiator - HHH000489: No JTA platform available (set 'hibernate.transaction.jta.platform' to enable JTA platform integration)
2025-12-12 22:21:00 [main] DEBUG org.hibernate.SQL - create table classes (id bigint generated by default as identity, class_name varchar(100) not null, status enum ('COMPLETED','IN_PROGRESS','NOT_STARTED') not null, course_id bigint not null, primary key (id))
Hibernate: create table classes (id bigint generated by default as identity, class_name varchar(100) not null, status enum ('COMPLETED','IN_PROGRESS','NOT_STARTED') not null, course_id bigint not null, primary key (id))
2025-12-12 22:21:00 [main] DEBUG org.hibernate.SQL - create table courses (id bigint generated by default as identity, course_code varchar(20) not null, credit numeric(38,2) not null, description varchar(200), name varchar(100) not null, price numeric(38,2) not null, teacher varchar(50) not null, primary key (id))
Hibernate: create table courses (id bigint generated by default as identity, course_code varchar(20) not null, credit numeric(38,2) not null, description varchar(200), name varchar(100) not null, price numeric(38,2) not null, teacher varchar(50) not null, primary key (id))
2025-12-12 22:21:00 [main] DEBUG org.hibernate.SQL - create table enrollments (id bigint generated by default as identity, grade varchar(10), semester varchar(20), course_id bigint not null, student_id bigint not null, primary key (id))
Hibernate: create table enrollments (id bigint generated by default as identity, grade varchar(10), semester varchar(20), course_id bigint not null, student_id bigint not null, primary key (id))
2025-12-12 22:21:00 [main] DEBUG org.hibernate.SQL - create table students (id bigint generated by default as identity, email varchar(100) not null, gender enum ('FEMALE','MALE') not null, major varchar(50) not null, name varchar(50) not null, phone varchar(20) not null, register_time date not null, student_id varchar(20) not null, class_id bigint not null, primary key (id))
Hibernate: create table students (id bigint generated by default as identity, email varchar(100) not null, gender enum ('FEMALE','MALE') not null, major varchar(50) not null, name varchar(50) not null, phone varchar(20) not null, register_time date not null, student_id varchar(20) not null, class_id bigint not null, primary key (id))
2025-12-12 22:21:00 [main] DEBUG org.hibernate.SQL - alter table if exists courses drop constraint if exists UKp02ts69sh53ptd62m3c67v0
Hibernate: alter table if exists courses drop constraint if exists UKp02ts69sh53ptd62m3c67v0
2025-12-12 22:21:00 [main] DEBUG org.hibernate.SQL - alter table if exists courses add constraint UKp02ts69sh53ptd62m3c67v0 unique (course_code)
Hibernate: alter table if exists courses add constraint UKp02ts69sh53ptd62m3c67v0 unique (course_code)
2025-12-12 22:21:00 [main] DEBUG org.hibernate.SQL - alter table if exists students drop constraint if exists UKe2rndfrsx22acpq2ty1caeuyw
Hibernate: alter table if exists students drop constraint if exists UKe2rndfrsx22acpq2ty1caeuyw
2025-12-12 22:21:00 [main] DEBUG org.hibernate.SQL - alter table if exists students add constraint UKe2rndfrsx22acpq2ty1caeuyw unique (email)
Hibernate: alter table if exists students add constraint UKe2rndfrsx22acpq2ty1caeuyw unique (email)
2025-12-12 22:21:00 [main] DEBUG org.hibernate.SQL - alter table if exists students drop constraint if exists UK5mbus2m1tm2acucrp6t627jmx
Hibernate: alter table if exists students drop constraint if exists UK5mbus2m1tm2acucrp6t627jmx
2025-12-12 22:21:00 [main] DEBUG org.hibernate.SQL - alter table if exists students add constraint UK5mbus2m1tm2acucrp6t627jmx unique (student_id)
Hibernate: alter table if exists students add constraint UK5mbus2m1tm2acucrp6t627jmx unique (student_id)
2025-12-12 22:21:00 [main] DEBUG org.hibernate.SQL - alter table if exists classes add constraint FK9v6ijeybapa0ontdtd4o4rycs foreign key (course_id) references courses
Hibernate: alter table if exists classes add constraint FK9v6ijeybapa0ontdtd4o4rycs foreign key (course_id) references courses
2025-12-12 22:21:00 [main] DEBUG org.hibernate.SQL - alter table if exists enrollments add constraint FKho8mcicp4196ebpltdn9wl6co foreign key (course_id) references courses
Hibernate: alter table if exists enrollments add constraint FKho8mcicp4196ebpltdn9wl6co foreign key (course_id) references courses
2025-12-12 22:21:00 [main] DEBUG org.hibernate.SQL - alter table if exists enrollments add constraint FK8kf1u1857xgo56xbfmnif2c51 foreign key (student_id) references students
Hibernate: alter table if exists enrollments add constraint FK8kf1u1857xgo56xbfmnif2c51 foreign key (student_id) references students
2025-12-12 22:21:00 [main] DEBUG org.hibernate.SQL - alter table if exists students add constraint FKhnslh0rm5bthlble8vjunbnwe foreign key (class_id) references classes
Hibernate: alter table if exists students add constraint FKhnslh0rm5bthlble8vjunbnwe foreign key (class_id) references classes
2025-12-12 22:21:00 [main] INFO  o.s.o.j.LocalContainerEntityManagerFactoryBean - Initialized JPA EntityManagerFactory for persistence unit 'default'
2025-12-12 22:21:00 [main] INFO  o.s.d.j.r.q.QueryEnhancerFactories - Hibernate is in classpath; If applicable, HQL parser will be used.
2025-12-12 22:21:01 [main] WARN  o.s.b.j.a.JpaBaseConfiguration$JpaWebConfiguration - spring.jpa.open-in-view is enabled by default. Therefore, database queries may be performed during view rendering. Explicitly configure spring.jpa.open-in-view to disable this warning
2025-12-12 22:21:02 [main] INFO  o.s.s.c.a.a.c.InitializeUserDetailsBeanManagerConfigurer$InitializeUserDetailsManagerConfigurer - Global AuthenticationManager configured with UserDetailsService bean with name userDetailsService
2025-12-12 22:21:02 [main] DEBUG o.s.w.s.m.m.a.RequestMappingHandlerMapping - 27 mappings in 'requestMappingHandlerMapping'
2025-12-12 22:21:02 [main] DEBUG o.s.w.s.h.SimpleUrlHandlerMapping - Patterns [/webjars/**, /**, /swagger-ui*/*swagger-initializer.js, /swagger-ui*/**] in 'resourceHandlerMapping'
2025-12-12 22:21:02 [main] DEBUG o.s.w.s.m.m.a.RequestMappingHandlerAdapter - ControllerAdvice beans: 0 @ModelAttribute, 0 @InitBinder, 1 RequestBodyAdvice, 1 ResponseBodyAdvice
2025-12-12 22:21:02 [main] DEBUG o.s.w.s.m.m.a.ExceptionHandlerExceptionResolver - ControllerAdvice beans: 2 @ExceptionHandler, 1 ResponseBodyAdvice
2025-12-12 22:21:03 [main] INFO  c.e.s.SystemBackendApplicationTests - Started SystemBackendApplicationTests in 7.961 seconds (process running for 11.648)
]]></system-out>
  </testcase>
</testsuite>